2020-05-16 01:05:49.242  INFO 6476 --- [main] lavalink.server.Launcher                 : 

[32m       .  [31m _                  _ _       _    [32m__ _ _
[32m      /\\ [31m| | __ ___   ____ _| (_)_ __ | | __[32m\ \ \ \
[32m     ( ( )[31m| |/ _` \ \ / / _` | | | '_ \| |/ /[32m \ \ \ \
[32m      \\/ [31m| | (_| |\ V / (_| | | | | | |   < [32m  ) ) ) )
[32m       '  [31m|_|\__,_| \_/ \__,_|_|_|_| |_|_|\_\[32m / / / /
[0m    =========================================[32m/_/_/_/[0m

	Version:        e7220eaecb3f1db1cd21a1c1ba47d464358b141f-SNAPSHOT
	Build:          1002
	Build time:     28.03.2020 19:31:09 UTC
	Branch          master
	Commit:         e7220ea
	Commit time:    28.03.2020 19:29:10 UTC
	JVM:            13.0.2
	Lavaplayer      1.3.38

2020-05-16 01:05:50.446  INFO 6476 --- [main] lavalink.server.Launcher                 : Starting Launcher on DESKTOP-MUOFHJ5 with PID 6476 (C:\Users\Romeah but no gaming\Documents\GitHub\blazify\lavalink\Lavalink.jar started by Romeah but no gaming in C:\Users\Romeah but no gaming\Documents\GitHub\blazify\lavalink)
2020-05-16 01:05:50.451  INFO 6476 --- [main] lavalink.server.Launcher                 : No active profile set, falling back to default profiles: default
2020-05-16 01:05:50.512  WARN 6476 --- [background-preinit] o.s.h.c.j.Jackson2ObjectMapperBuilder    : For Jackson Kotlin classes support please add "com.fasterxml.jackson.module:jackson-module-kotlin" to the classpath
2020-05-16 01:06:07.473  WARN 6476 --- [main] io.undertow.websockets.jsr               : UT026010: Buffer pool was not set on WebSocketDeploymentInfo, the default pool will be used
2020-05-16 01:06:07.854  INFO 6476 --- [main] io.undertow.servlet                      : Initializing Spring embedded WebApplicationContext
2020-05-16 01:06:07.906  INFO 6476 --- [main] o.s.web.context.ContextLoader            : Root WebApplicationContext: initialization completed in 17115 ms
2020-05-16 01:06:11.744  WARN 6476 --- [main] l.server.config.SentryConfiguration      : Turning off sentry
2020-05-16 01:06:11.826  INFO 6476 --- [main] l.s.c.AudioSendFactoryConfiguration      : OS: Windows 10, Arch: amd64
2020-05-16 01:06:11.859  INFO 6476 --- [main] l.s.c.AudioSendFactoryConfiguration      : JDA-NAS supported system detected. Enabled native audio sending.
2020-05-16 01:06:11.866  INFO 6476 --- [main] l.s.c.AudioSendFactoryConfiguration      : Setting buffer to 400ms
2020-05-16 01:06:11.881  INFO 6476 --- [main] l.s.c.AudioSendFactoryConfiguration      : Setting playlist load limit to 6
2020-05-16 01:06:16.060  INFO 6476 --- [main] c.s.d.l.tools.GarbageCollectionMonitor   : GC monitoring enabled, reporting results every 2 minutes.
2020-05-16 01:06:19.638  INFO 6476 --- [main] o.s.s.concurrent.ThreadPoolTaskExecutor  : Initializing ExecutorService 'applicationTaskExecutor'
2020-05-16 01:06:23.543  INFO 6476 --- [main] org.xnio                                 : XNIO version 3.3.8.Final
2020-05-16 01:06:23.818  INFO 6476 --- [main] org.xnio.nio                             : XNIO NIO Implementation Version 3.3.8.Final
2020-05-16 01:06:28.915  INFO 6476 --- [main] o.s.b.w.e.u.UndertowServletWebServer     : Undertow started on port(s) 2333 (http) with context path ''
2020-05-16 01:06:29.026  INFO 6476 --- [main] lavalink.server.Launcher                 : Started Launcher in 43.853 seconds (JVM running for 47.929)
2020-05-16 01:06:47.263  INFO 6476 --- [XNIO-1 task-1] io.undertow.servlet                      : Initializing Spring DispatcherServlet 'dispatcherServlet'
2020-05-16 01:06:47.275  INFO 6476 --- [XNIO-1 task-1] o.s.web.servlet.DispatcherServlet        : Initializing Servlet 'dispatcherServlet'
2020-05-16 01:06:47.346  INFO 6476 --- [XNIO-1 task-1] o.s.web.servlet.DispatcherServlet        : Completed initialization in 69 ms
2020-05-16 01:06:47.602  INFO 6476 --- [XNIO-1 task-1] l.server.io.HandshakeInterceptorImpl     : Incoming connection from /127.0.0.1:50401
2020-05-16 01:06:48.947  INFO 6476 --- [XNIO-1 task-1] lavalink.server.io.SocketServer          : Connection successfully established from /127.0.0.1:50401
2020-05-16 01:10:38.266  INFO 6476 --- [XNIO-1 I/O-1] lavalink.server.io.SocketServer          : Connection closed from /127.0.0.1:50401 -- CloseStatus[code=1006, reason=]
2020-05-16 01:10:38.268  INFO 6476 --- [XNIO-1 I/O-1] lavalink.server.io.SocketContext         : Shutting down 0 playing players.
2020-05-16 01:11:08.960  INFO 6476 --- [XNIO-1 task-2] l.server.io.HandshakeInterceptorImpl     : Incoming connection from /127.0.0.1:50443
2020-05-16 01:11:08.983  INFO 6476 --- [XNIO-1 task-2] lavalink.server.io.SocketServer          : Connection successfully established from /127.0.0.1:50443
2020-05-16 01:13:11.417  INFO 6476 --- [XNIO-1 I/O-3] lavalink.server.io.SocketServer          : Connection closed from /127.0.0.1:50443 -- CloseStatus[code=1006, reason=]
2020-05-16 01:13:11.429  INFO 6476 --- [XNIO-1 I/O-3] lavalink.server.io.SocketContext         : Shutting down 0 playing players.
2020-05-16 01:15:09.587  INFO 6476 --- [XNIO-1 task-3] l.server.io.HandshakeInterceptorImpl     : Incoming connection from /127.0.0.1:50474
2020-05-16 01:15:09.609  INFO 6476 --- [XNIO-1 task-3] lavalink.server.io.SocketServer          : Connection successfully established from /127.0.0.1:50474
2020-05-16 01:22:11.195  INFO 6476 --- [XNIO-1 I/O-2] lavalink.server.io.SocketServer          : Connection closed from /127.0.0.1:50474 -- CloseStatus[code=1006, reason=]
2020-05-16 01:22:11.203  INFO 6476 --- [XNIO-1 I/O-2] lavalink.server.io.SocketContext         : Shutting down 0 playing players.
